-- The C compiler identification is GNU 11.4.0
-- The CXX compiler identification is GNU 11.4.0
-- Detecting C compiler ABI info
-- Detecting C compiler ABI info - done
-- Check for working C compiler: /usr/lib/ccache/cc - skipped
-- Detecting C compile features
-- Detecting C compile features - done
-- Detecting CXX compiler ABI info
-- Detecting CXX compiler ABI info - done
-- Check for working CXX compiler: /usr/lib/ccache/c++ - skipped
-- Detecting CXX compile features
-- Detecting CXX compile features - done
-- Found ament_cmake: 1.3.12 (/opt/ros/humble/share/ament_cmake/cmake)
-- Found Python3: /usr/bin/python3 (found version "3.10.12") found components: Interpreter 
[31mCMake Error at CMakeLists.txt:20 (find_package):
  By not providing "Findpx4_msgs.cmake" in CMAKE_MODULE_PATH this project has
  asked CMake to find a package configuration file provided by "px4_msgs",
  but CMake did not find one.

  Could not find a package configuration file provided by "px4_msgs" with any
  of the following names:

    px4_msgsConfig.cmake
    px4_msgs-config.cmake

  Add the installation prefix of "px4_msgs" to CMAKE_PREFIX_PATH or set
  "px4_msgs_DIR" to a directory containing one of the above files.  If
  "px4_msgs" provides a separate development package or SDK, be sure it has
  been installed.

[0m
-- Configuring incomplete, errors occurred!
See also "/home/user/ros2_ws/src/offboard_rl/build/offboard_rl/CMakeFiles/CMakeOutput.log".
