[0.009s] Invoking command in '/home/user/ros2_ws/src/offboard_rl/build/offboard_rl': CMAKE_PREFIX_PATH=/opt/ros/humble /usr/bin/cmake /home/user/ros2_ws/src/offboard_rl -DCMAKE_INSTALL_PREFIX=/home/user/ros2_ws/src/offboard_rl/install/offboard_rl
[0.121s] -- The C compiler identification is GNU 11.4.0
[0.215s] -- The CXX compiler identification is GNU 11.4.0
[0.227s] -- Detecting C compiler ABI info
[0.291s] -- Detecting C compiler ABI info - done
[0.296s] -- Check for working C compiler: /usr/lib/ccache/cc - skipped
[0.297s] -- Detecting C compile features
[0.298s] -- Detecting C compile features - done
[0.301s] -- Detecting CXX compiler ABI info
[0.450s] -- Detecting CXX compiler ABI info - done
[0.458s] -- Check for working CXX compiler: /usr/lib/ccache/c++ - skipped
[0.458s] -- Detecting CXX compile features
[0.459s] -- Detecting CXX compile features - done
[0.463s] -- Found ament_cmake: 1.3.12 (/opt/ros/humble/share/ament_cmake/cmake)
[0.813s] -- Found Python3: /usr/bin/python3 (found version "3.10.12") found components: Interpreter 
[0.912s] [31mCMake Error at CMakeLists.txt:20 (find_package):
[0.913s]   By not providing "Findpx4_msgs.cmake" in CMAKE_MODULE_PATH this project has
[0.913s]   asked CMake to find a package configuration file provided by "px4_msgs",
[0.913s]   but CMake did not find one.
[0.913s] 
[0.913s]   Could not find a package configuration file provided by "px4_msgs" with any
[0.913s]   of the following names:
[0.913s] 
[0.913s]     px4_msgsConfig.cmake
[0.913s]     px4_msgs-config.cmake
[0.913s] 
[0.913s]   Add the installation prefix of "px4_msgs" to CMAKE_PREFIX_PATH or set
[0.913s]   "px4_msgs_DIR" to a directory containing one of the above files.  If
[0.913s]   "px4_msgs" provides a separate development package or SDK, be sure it has
[0.913s]   been installed.
[0.913s] 
[0.913s] [0m
[0.913s] -- Configuring incomplete, errors occurred!
[0.913s] See also "/home/user/ros2_ws/src/offboard_rl/build/offboard_rl/CMakeFiles/CMakeOutput.log".
[0.915s] Invoked command in '/home/user/ros2_ws/src/offboard_rl/build/offboard_rl' returned '1': CMAKE_PREFIX_PATH=/opt/ros/humble /usr/bin/cmake /home/user/ros2_ws/src/offboard_rl -DCMAKE_INSTALL_PREFIX=/home/user/ros2_ws/src/offboard_rl/install/offboard_rl
